<?xml version="1.0" encoding="UTF-8"?>
<testsuite xmlns:xsi="http://www.w3.org/2001/XMLSchema-instance" xsi:noNamespaceSchemaLocation="https://maven.apache.org/surefire/maven-surefire-plugin/xsd/surefire-test-report.xsd" name="PositionTest" time="0.002" tests="4" errors="0" skipped="0" failures="0">
  <properties>
[...]
</properties>
  <testcase name="next_north" classname="PositionTest" time="0"/>
  <testcase name="next_south" classname="PositionTest" time="0"/>
  <testcase name="next_east" classname="PositionTest" time="0"/>
  <testcase name="next_west" classname="PositionTest" time="0"/>
</testsuite>